
==============================================================================
🚀 Starting DATAPATH Tests...
==============================================================================


=====================================
📄 Loaded Program Memory Contents:
=====================================
Instr[0] = 00500093
Instr[1] = 00500113
Instr[2] = 00208663
Instr[3] = 00100193
Instr[4] = 00100193
Instr[5] = 00100193
Instr[6] = 00a00213
Instr[7] = 00a10463
Instr[8] = 00100293
Instr[9] = 00100293
Instr[10] = 00300313
Instr[11] = 00434663
Instr[12] = 00100393
Instr[13] = 00100393
Instr[14] = 00100393
Instr[15] = 00f00413
Instr[16] = 00445663
Instr[17] = 00100493
Instr[18] = 00100493
Instr[19] = 00100493
Instr[20] = 0080056f
Instr[21] = 00050067
Instr[22] = 0000006f
Instr[23] = 00000000
Instr[24] = 00000000
Instr[25] = 00000000
Instr[26] = 00000000
Instr[27] = 00000000
Instr[28] = 00000000
Instr[29] = 00000000
Instr[30] = 00000000
Instr[31] = 00000000
=====================================

===============================================================================================
| Cycle 0 | PC = 00000000 |
|---------------------------------------------------------------------------------------------|
| IF  | 00000000 |
| ID  | 00000000 |
| EX  | 00000000 |
| MEM | 00000000 |
| WB  | 00000000 |
|---------------------------------------------------------------------------------------------|
| 🔍 IF/ID:  Instruction = 00000000
| 🔍 ID/EX:  Instruction = 00000000 | ALU A = 00000000 | ALU B = 00000000 | ALU Ctrl = 0000
| 🔍 EX/MEM: Instruction = 00000000 | ALU Result = 00000000 | Mem Write = 0 | Mem Read = 0
| 🔍 MEM/WB: Instruction = 00000000 | ALU Result = 00000000 | Mem Data = 00000000 | Reg Write = 0
===============================================================================================

===============================================================================================
| Cycle 1 | PC = 00000004 |
|---------------------------------------------------------------------------------------------|
| IF  | 00500093 |
| ID  | 00000000 |
| EX  | 00000000 |
| MEM | 00000000 |
| WB  | 00000000 |
|---------------------------------------------------------------------------------------------|
| 🔍 IF/ID:  Instruction = 00500093
| 🔍 ID/EX:  Instruction = 00000000 | ALU A = 00000000 | ALU B = 00000000 | ALU Ctrl = 0000
| 🔍 EX/MEM: Instruction = 00000000 | ALU Result = 00000000 | Mem Write = 0 | Mem Read = 0
| 🔍 MEM/WB: Instruction = 00000000 | ALU Result = 00000000 | Mem Data = xxxxxxxx | Reg Write = 0
===============================================================================================

===============================================================================================
| Cycle 2 | PC = 00000008 |
|---------------------------------------------------------------------------------------------|
| IF  | 00500113 |
| ID  | 00500093 |
| EX  | 00000000 |
| MEM | 00000000 |
| WB  | 00000000 |
|---------------------------------------------------------------------------------------------|
| 🔍 IF/ID:  Instruction = 00500113
| 🔍 ID/EX:  Instruction = 00500093 | ALU A = 00000000 | ALU B = 00000005 | ALU Ctrl = 0000
| 🔍 EX/MEM: Instruction = 00000000 | ALU Result = 00000000 | Mem Write = 0 | Mem Read = 0
| 🔍 MEM/WB: Instruction = 00000000 | ALU Result = 00000000 | Mem Data = 00000000 | Reg Write = 0
===============================================================================================

===============================================================================================
| Cycle 3 | PC = 0000000c |
|---------------------------------------------------------------------------------------------|
| IF  | 00208663 |
| ID  | 00500113 |
| EX  | 00500093 |
| MEM | 00000000 |
| WB  | 00000000 |
|---------------------------------------------------------------------------------------------|
| 🔍 IF/ID:  Instruction = 00208663
| 🔍 ID/EX:  Instruction = 00500113 | ALU A = 00000000 | ALU B = 00000005 | ALU Ctrl = 0000
| 🔍 EX/MEM: Instruction = 00500093 | ALU Result = 00000005 | Mem Write = 0 | Mem Read = 0
| 🔍 MEM/WB: Instruction = 00000000 | ALU Result = 00000000 | Mem Data = 00000000 | Reg Write = 0
===============================================================================================

===============================================================================================
| Cycle 4 | PC = 00000010 |
|---------------------------------------------------------------------------------------------|
| IF  | 00100193 |
| ID  | 00208663 |
| EX  | 00500113 |
| MEM | 00500093 |
| WB  | 00500093 |
|---------------------------------------------------------------------------------------------|
| 🔍 IF/ID:  Instruction = 00100193
| 🔍 ID/EX:  Instruction = 00208663 | ALU A = 00000000 | ALU B = 00000000 | ALU Ctrl = 0001
|      -->🚀 Next PC: 00000018
| 🔍 EX/MEM: Instruction = 00500113 | ALU Result = 00000005 | Mem Write = 0 | Mem Read = 0
| 🔍 MEM/WB: Instruction = 00500093 | ALU Result = 00000005 | Mem Data = 00000000 | Reg Write = 1
|      -->📝 Register Write: x1 = 00000005
===============================================================================================

===============================================================================================
| Cycle 5 | PC = 00000018 |
|---------------------------------------------------------------------------------------------|
| IF  | 00000000 |
| ID  | 00000000 |
| EX  | 00000000 |
| MEM | 00500113 |
| WB  | 00500113 |
|---------------------------------------------------------------------------------------------|
| 🔍 IF/ID:  Instruction = 00000000
| 🔍 ID/EX:  Instruction = 00000000 | ALU A = 00000000 | ALU B = 00000000 | ALU Ctrl = 0000
| 🔍 EX/MEM: Instruction = 00000000 | ALU Result = 00000000 | Mem Write = 0 | Mem Read = 0
| 🔍 MEM/WB: Instruction = 00500113 | ALU Result = 00000005 | Mem Data = 00000000 | Reg Write = 1
|      -->📝 Register Write: x2 = 00000005
===============================================================================================

===============================================================================================
| Cycle 6 | PC = 0000001c |
|---------------------------------------------------------------------------------------------|
| IF  | 00a00213 |
| ID  | 00000000 |
| EX  | 00000000 |
| MEM | 00000000 |
| WB  | 00000000 |
|---------------------------------------------------------------------------------------------|
| 🔍 IF/ID:  Instruction = 00a00213
| 🔍 ID/EX:  Instruction = 00000000 | ALU A = 00000000 | ALU B = 00000000 | ALU Ctrl = 0000
| 🔍 EX/MEM: Instruction = 00000000 | ALU Result = 00000000 | Mem Write = 0 | Mem Read = 0
| 🔍 MEM/WB: Instruction = 00000000 | ALU Result = 00000000 | Mem Data = 00000000 | Reg Write = 0
===============================================================================================

===============================================================================================
| Cycle 7 | PC = 00000020 |
|---------------------------------------------------------------------------------------------|
| IF  | 00a10463 |
| ID  | 00a00213 |
| EX  | 00000000 |
| MEM | 00000000 |
| WB  | 00000000 |
|---------------------------------------------------------------------------------------------|
| 🔍 IF/ID:  Instruction = 00a10463
| 🔍 ID/EX:  Instruction = 00a00213 | ALU A = 00000000 | ALU B = 0000000a | ALU Ctrl = 0000
| 🔍 EX/MEM: Instruction = 00000000 | ALU Result = 00000000 | Mem Write = 0 | Mem Read = 0
| 🔍 MEM/WB: Instruction = 00000000 | ALU Result = 00000000 | Mem Data = 00000000 | Reg Write = 0
===============================================================================================

===============================================================================================
| Cycle 8 | PC = 00000024 |
|---------------------------------------------------------------------------------------------|
| IF  | 00100293 |
| ID  | 00a10463 |
| EX  | 00a00213 |
| MEM | 00000000 |
| WB  | 00000000 |
|---------------------------------------------------------------------------------------------|
| 🔍 IF/ID:  Instruction = 00100293
| 🔍 ID/EX:  Instruction = 00a10463 | ALU A = 00000005 | ALU B = 00000000 | ALU Ctrl = 0001
|      -->🚀 Next PC: 00000028
| 🔍 EX/MEM: Instruction = 00a00213 | ALU Result = 0000000a | Mem Write = 0 | Mem Read = 0
| 🔍 MEM/WB: Instruction = 00000000 | ALU Result = 00000000 | Mem Data = 00000000 | Reg Write = 0
===============================================================================================

===============================================================================================
| Cycle 9 | PC = 00000028 |
|---------------------------------------------------------------------------------------------|
| IF  | 00000000 |
| ID  | 00000000 |
| EX  | 00000000 |
| MEM | 00a00213 |
| WB  | 00a00213 |
|---------------------------------------------------------------------------------------------|
| 🔍 IF/ID:  Instruction = 00000000
| 🔍 ID/EX:  Instruction = 00000000 | ALU A = 00000000 | ALU B = 00000000 | ALU Ctrl = 0000
| 🔍 EX/MEM: Instruction = 00000000 | ALU Result = 00000000 | Mem Write = 0 | Mem Read = 0
| 🔍 MEM/WB: Instruction = 00a00213 | ALU Result = 0000000a | Mem Data = 00000000 | Reg Write = 1
|      -->📝 Register Write: x4 = 0000000a
===============================================================================================

===============================================================================================
| Cycle 10 | PC = 0000002c |
|---------------------------------------------------------------------------------------------|
| IF  | 00300313 |
| ID  | 00000000 |
| EX  | 00000000 |
| MEM | 00000000 |
| WB  | 00000000 |
|---------------------------------------------------------------------------------------------|
| 🔍 IF/ID:  Instruction = 00300313
| 🔍 ID/EX:  Instruction = 00000000 | ALU A = 00000000 | ALU B = 00000000 | ALU Ctrl = 0000
| 🔍 EX/MEM: Instruction = 00000000 | ALU Result = 00000000 | Mem Write = 0 | Mem Read = 0
| 🔍 MEM/WB: Instruction = 00000000 | ALU Result = 00000000 | Mem Data = 00000000 | Reg Write = 0
===============================================================================================

===============================================================================================
| Cycle 11 | PC = 00000030 |
|---------------------------------------------------------------------------------------------|
| IF  | 00434663 |
| ID  | 00300313 |
| EX  | 00000000 |
| MEM | 00000000 |
| WB  | 00000000 |
|---------------------------------------------------------------------------------------------|
| 🔍 IF/ID:  Instruction = 00434663
| 🔍 ID/EX:  Instruction = 00300313 | ALU A = 00000000 | ALU B = 00000003 | ALU Ctrl = 0000
| 🔍 EX/MEM: Instruction = 00000000 | ALU Result = 00000000 | Mem Write = 0 | Mem Read = 0
| 🔍 MEM/WB: Instruction = 00000000 | ALU Result = 00000000 | Mem Data = 00000000 | Reg Write = 0
===============================================================================================

===============================================================================================
| Cycle 12 | PC = 00000034 |
|---------------------------------------------------------------------------------------------|
| IF  | 00100393 |
| ID  | 00434663 |
| EX  | 00300313 |
| MEM | 00000000 |
| WB  | 00000000 |
|---------------------------------------------------------------------------------------------|
| 🔍 IF/ID:  Instruction = 00100393
| 🔍 ID/EX:  Instruction = 00434663 | ALU A = 00000000 | ALU B = 0000000a | ALU Ctrl = 0001
|      -->🚀 Next PC: 0000003c
| 🔍 EX/MEM: Instruction = 00300313 | ALU Result = 00000003 | Mem Write = 0 | Mem Read = 0
| 🔍 MEM/WB: Instruction = 00000000 | ALU Result = 00000000 | Mem Data = 00000000 | Reg Write = 0
===============================================================================================

===============================================================================================
| Cycle 13 | PC = 0000003c |
|---------------------------------------------------------------------------------------------|
| IF  | 00000000 |
| ID  | 00000000 |
| EX  | 00000000 |
| MEM | 00300313 |
| WB  | 00300313 |
|---------------------------------------------------------------------------------------------|
| 🔍 IF/ID:  Instruction = 00000000
| 🔍 ID/EX:  Instruction = 00000000 | ALU A = 00000000 | ALU B = 00000000 | ALU Ctrl = 0000
| 🔍 EX/MEM: Instruction = 00000000 | ALU Result = 00000000 | Mem Write = 0 | Mem Read = 0
| 🔍 MEM/WB: Instruction = 00300313 | ALU Result = 00000003 | Mem Data = 00000000 | Reg Write = 1
|      -->📝 Register Write: x6 = 00000003
===============================================================================================

===============================================================================================
| Cycle 14 | PC = 00000040 |
|---------------------------------------------------------------------------------------------|
| IF  | 00f00413 |
| ID  | 00000000 |
| EX  | 00000000 |
| MEM | 00000000 |
| WB  | 00000000 |
|---------------------------------------------------------------------------------------------|
| 🔍 IF/ID:  Instruction = 00f00413
| 🔍 ID/EX:  Instruction = 00000000 | ALU A = 00000000 | ALU B = 00000000 | ALU Ctrl = 0000
| 🔍 EX/MEM: Instruction = 00000000 | ALU Result = 00000000 | Mem Write = 0 | Mem Read = 0
| 🔍 MEM/WB: Instruction = 00000000 | ALU Result = 00000000 | Mem Data = 00000000 | Reg Write = 0
===============================================================================================

===============================================================================================
| Cycle 15 | PC = 00000044 |
|---------------------------------------------------------------------------------------------|
| IF  | 00445663 |
| ID  | 00f00413 |
| EX  | 00000000 |
| MEM | 00000000 |
| WB  | 00000000 |
|---------------------------------------------------------------------------------------------|
| 🔍 IF/ID:  Instruction = 00445663
| 🔍 ID/EX:  Instruction = 00f00413 | ALU A = 00000000 | ALU B = 0000000f | ALU Ctrl = 0000
| 🔍 EX/MEM: Instruction = 00000000 | ALU Result = 00000000 | Mem Write = 0 | Mem Read = 0
| 🔍 MEM/WB: Instruction = 00000000 | ALU Result = 00000000 | Mem Data = 00000000 | Reg Write = 0
===============================================================================================

===============================================================================================
| Cycle 16 | PC = 00000048 |
|---------------------------------------------------------------------------------------------|
| IF  | 00100493 |
| ID  | 00445663 |
| EX  | 00f00413 |
| MEM | 00000000 |
| WB  | 00000000 |
|---------------------------------------------------------------------------------------------|
| 🔍 IF/ID:  Instruction = 00100493
| 🔍 ID/EX:  Instruction = 00445663 | ALU A = 00000000 | ALU B = 0000000a | ALU Ctrl = 0001
|      -->🚀 Next PC: 0000004c
| 🔍 EX/MEM: Instruction = 00f00413 | ALU Result = 0000000f | Mem Write = 0 | Mem Read = 0
| 🔍 MEM/WB: Instruction = 00000000 | ALU Result = 00000000 | Mem Data = 00000000 | Reg Write = 0
===============================================================================================

===============================================================================================
| Cycle 17 | PC = 0000004c |
|---------------------------------------------------------------------------------------------|
| IF  | 00000000 |
| ID  | 00000000 |
| EX  | 00000000 |
| MEM | 00f00413 |
| WB  | 00f00413 |
|---------------------------------------------------------------------------------------------|
| 🔍 IF/ID:  Instruction = 00000000
| 🔍 ID/EX:  Instruction = 00000000 | ALU A = 00000000 | ALU B = 00000000 | ALU Ctrl = 0000
| 🔍 EX/MEM: Instruction = 00000000 | ALU Result = 00000000 | Mem Write = 0 | Mem Read = 0
| 🔍 MEM/WB: Instruction = 00f00413 | ALU Result = 0000000f | Mem Data = 00000000 | Reg Write = 1
|      -->📝 Register Write: x8 = 0000000f
===============================================================================================

===============================================================================================
| Cycle 18 | PC = 00000050 |
|---------------------------------------------------------------------------------------------|
| IF  | 00100493 |
| ID  | 00000000 |
| EX  | 00000000 |
| MEM | 00000000 |
| WB  | 00000000 |
|---------------------------------------------------------------------------------------------|
| 🔍 IF/ID:  Instruction = 00100493
| 🔍 ID/EX:  Instruction = 00000000 | ALU A = 00000000 | ALU B = 00000000 | ALU Ctrl = 0000
| 🔍 EX/MEM: Instruction = 00000000 | ALU Result = 00000000 | Mem Write = 0 | Mem Read = 0
| 🔍 MEM/WB: Instruction = 00000000 | ALU Result = 00000000 | Mem Data = 00000000 | Reg Write = 0
===============================================================================================

===============================================================================================
| Cycle 19 | PC = 00000054 |
|---------------------------------------------------------------------------------------------|
| IF  | 0080056f |
| ID  | 00100493 |
| EX  | 00000000 |
| MEM | 00000000 |
| WB  | 00000000 |
|---------------------------------------------------------------------------------------------|
| 🔍 IF/ID:  Instruction = 0080056f
| 🔍 ID/EX:  Instruction = 00100493 | ALU A = 00000000 | ALU B = 00000001 | ALU Ctrl = 0000
| 🔍 EX/MEM: Instruction = 00000000 | ALU Result = 00000000 | Mem Write = 0 | Mem Read = 0
| 🔍 MEM/WB: Instruction = 00000000 | ALU Result = 00000000 | Mem Data = 00000000 | Reg Write = 0
===============================================================================================

===============================================================================================
| Cycle 20 | PC = 00000058 |
|---------------------------------------------------------------------------------------------|
| IF  | 00050067 |
| ID  | 0080056f |
| EX  | 00100493 |
| MEM | 00000000 |
| WB  | 00000000 |
|---------------------------------------------------------------------------------------------|
| 🔍 IF/ID:  Instruction = 00050067
| 🔍 ID/EX:  Instruction = 0080056f | ALU A = 00000000 | ALU B = 00000000 | ALU Ctrl = 0000
|      -->🚀 Next PC: 0000005c
| 🔍 EX/MEM: Instruction = 00100493 | ALU Result = 00000001 | Mem Write = 0 | Mem Read = 0
| 🔍 MEM/WB: Instruction = 00000000 | ALU Result = 00000000 | Mem Data = 00000000 | Reg Write = 0
===============================================================================================

===============================================================================================
| Cycle 21 | PC = 0000005c |
|---------------------------------------------------------------------------------------------|
| IF  | 00000000 |
| ID  | 00000000 |
| EX  | 00000000 |
| MEM | 00100493 |
| WB  | 00100493 |
|---------------------------------------------------------------------------------------------|
| 🔍 IF/ID:  Instruction = 00000000
| 🔍 ID/EX:  Instruction = 00000000 | ALU A = 00000000 | ALU B = 00000000 | ALU Ctrl = 0000
| 🔍 EX/MEM: Instruction = 00000000 | ALU Result = 00000000 | Mem Write = 0 | Mem Read = 0
| 🔍 MEM/WB: Instruction = 00100493 | ALU Result = 00000001 | Mem Data = 00000000 | Reg Write = 1
|      -->📝 Register Write: x9 = 00000001
===============================================================================================

===============================================================================================
| Cycle 22 | PC = 00000060 |
|---------------------------------------------------------------------------------------------|
| IF  | 00000000 |
| ID  | 00000000 |
| EX  | 00000000 |
| MEM | 00000000 |
| WB  | 00000000 |
|---------------------------------------------------------------------------------------------|
| 🔍 IF/ID:  Instruction = 00000000
| 🔍 ID/EX:  Instruction = 00000000 | ALU A = 00000000 | ALU B = 00000000 | ALU Ctrl = 0000
| 🔍 EX/MEM: Instruction = 00000000 | ALU Result = 00000000 | Mem Write = 0 | Mem Read = 0
| 🔍 MEM/WB: Instruction = 00000000 | ALU Result = 00000000 | Mem Data = 00000000 | Reg Write = 0
===============================================================================================

===============================================================================================
| Cycle 23 | PC = 00000064 |
|---------------------------------------------------------------------------------------------|
| IF  | 00000000 |
| ID  | 00000000 |
| EX  | 00000000 |
| MEM | 00000000 |
| WB  | 00000000 |
|---------------------------------------------------------------------------------------------|
| 🔍 IF/ID:  Instruction = 00000000
| 🔍 ID/EX:  Instruction = 00000000 | ALU A = 00000000 | ALU B = 00000000 | ALU Ctrl = 0000
| 🔍 EX/MEM: Instruction = 00000000 | ALU Result = 00000000 | Mem Write = 0 | Mem Read = 0
| 🔍 MEM/WB: Instruction = 00000000 | ALU Result = 00000000 | Mem Data = 00000000 | Reg Write = 0
===============================================================================================

===============================================================================================
| Cycle 24 | PC = 00000068 |
|---------------------------------------------------------------------------------------------|
| IF  | 00000000 |
| ID  | 00000000 |
| EX  | 00000000 |
| MEM | 00000000 |
| WB  | 00000000 |
|---------------------------------------------------------------------------------------------|
| 🔍 IF/ID:  Instruction = 00000000
| 🔍 ID/EX:  Instruction = 00000000 | ALU A = 00000000 | ALU B = 00000000 | ALU Ctrl = 0000
| 🔍 EX/MEM: Instruction = 00000000 | ALU Result = 00000000 | Mem Write = 0 | Mem Read = 0
| 🔍 MEM/WB: Instruction = 00000000 | ALU Result = 00000000 | Mem Data = 00000000 | Reg Write = 0
===============================================================================================

===============================================================================================
| Cycle 25 | PC = 0000006c |
|---------------------------------------------------------------------------------------------|
| IF  | 00000000 |
| ID  | 00000000 |
| EX  | 00000000 |
| MEM | 00000000 |
| WB  | 00000000 |
|---------------------------------------------------------------------------------------------|
| 🔍 IF/ID:  Instruction = 00000000
| 🔍 ID/EX:  Instruction = 00000000 | ALU A = 00000000 | ALU B = 00000000 | ALU Ctrl = 0000
| 🔍 EX/MEM: Instruction = 00000000 | ALU Result = 00000000 | Mem Write = 0 | Mem Read = 0
| 🔍 MEM/WB: Instruction = 00000000 | ALU Result = 00000000 | Mem Data = 00000000 | Reg Write = 0
===============================================================================================

===============================================================================================
| Cycle 26 | PC = 00000070 |
|---------------------------------------------------------------------------------------------|
| IF  | 00000000 |
| ID  | 00000000 |
| EX  | 00000000 |
| MEM | 00000000 |
| WB  | 00000000 |
|---------------------------------------------------------------------------------------------|
| 🔍 IF/ID:  Instruction = 00000000
| 🔍 ID/EX:  Instruction = 00000000 | ALU A = 00000000 | ALU B = 00000000 | ALU Ctrl = 0000
| 🔍 EX/MEM: Instruction = 00000000 | ALU Result = 00000000 | Mem Write = 0 | Mem Read = 0
| 🔍 MEM/WB: Instruction = 00000000 | ALU Result = 00000000 | Mem Data = 00000000 | Reg Write = 0
===============================================================================================

===============================================================================================
| Cycle 27 | PC = 00000074 |
|---------------------------------------------------------------------------------------------|
| IF  | 00000000 |
| ID  | 00000000 |
| EX  | 00000000 |
| MEM | 00000000 |
| WB  | 00000000 |
|---------------------------------------------------------------------------------------------|
| 🔍 IF/ID:  Instruction = 00000000
| 🔍 ID/EX:  Instruction = 00000000 | ALU A = 00000000 | ALU B = 00000000 | ALU Ctrl = 0000
| 🔍 EX/MEM: Instruction = 00000000 | ALU Result = 00000000 | Mem Write = 0 | Mem Read = 0
| 🔍 MEM/WB: Instruction = 00000000 | ALU Result = 00000000 | Mem Data = 00000000 | Reg Write = 0
===============================================================================================

===============================================================================================
| Cycle 28 | PC = 00000078 |
|---------------------------------------------------------------------------------------------|
| IF  | 00000000 |
| ID  | 00000000 |
| EX  | 00000000 |
| MEM | 00000000 |
| WB  | 00000000 |
|---------------------------------------------------------------------------------------------|
| 🔍 IF/ID:  Instruction = 00000000
| 🔍 ID/EX:  Instruction = 00000000 | ALU A = 00000000 | ALU B = 00000000 | ALU Ctrl = 0000
| 🔍 EX/MEM: Instruction = 00000000 | ALU Result = 00000000 | Mem Write = 0 | Mem Read = 0
| 🔍 MEM/WB: Instruction = 00000000 | ALU Result = 00000000 | Mem Data = 00000000 | Reg Write = 0
===============================================================================================

===============================================================================================
| Cycle 29 | PC = 0000007c |
|---------------------------------------------------------------------------------------------|
| IF  | 00000000 |
| ID  | 00000000 |
| EX  | 00000000 |
| MEM | 00000000 |
| WB  | 00000000 |
|---------------------------------------------------------------------------------------------|
| 🔍 IF/ID:  Instruction = 00000000
| 🔍 ID/EX:  Instruction = 00000000 | ALU A = 00000000 | ALU B = 00000000 | ALU Ctrl = 0000
| 🔍 EX/MEM: Instruction = 00000000 | ALU Result = 00000000 | Mem Write = 0 | Mem Read = 0
| 🔍 MEM/WB: Instruction = 00000000 | ALU Result = 00000000 | Mem Data = 00000000 | Reg Write = 0
===============================================================================================

===============================================================================================
| Cycle 30 | PC = 00000080 |
|---------------------------------------------------------------------------------------------|
| IF  | 00000000 |
| ID  | 00000000 |
| EX  | 00000000 |
| MEM | 00000000 |
| WB  | 00000000 |
|---------------------------------------------------------------------------------------------|
| 🔍 IF/ID:  Instruction = 00000000
| 🔍 ID/EX:  Instruction = 00000000 | ALU A = 00000000 | ALU B = 00000000 | ALU Ctrl = 0000
| 🔍 EX/MEM: Instruction = 00000000 | ALU Result = 00000000 | Mem Write = 0 | Mem Read = 0
| 🔍 MEM/WB: Instruction = 00000000 | ALU Result = 00000000 | Mem Data = 00000000 | Reg Write = 0
===============================================================================================

===============================================================================================
| Cycle 31 | PC = 00000084 |
|---------------------------------------------------------------------------------------------|
| IF  | 00000000 |
| ID  | 00000000 |
| EX  | 00000000 |
| MEM | 00000000 |
| WB  | 00000000 |
|---------------------------------------------------------------------------------------------|
| 🔍 IF/ID:  Instruction = 00000000
| 🔍 ID/EX:  Instruction = 00000000 | ALU A = 00000000 | ALU B = 00000000 | ALU Ctrl = 0000
| 🔍 EX/MEM: Instruction = 00000000 | ALU Result = 00000000 | Mem Write = 0 | Mem Read = 0
| 🔍 MEM/WB: Instruction = 00000000 | ALU Result = 00000000 | Mem Data = 00000000 | Reg Write = 0
===============================================================================================

===============================================================================================
| Cycle 32 | PC = 00000088 |
|---------------------------------------------------------------------------------------------|
| IF  | 00000000 |
| ID  | 00000000 |
| EX  | 00000000 |
| MEM | 00000000 |
| WB  | 00000000 |
|---------------------------------------------------------------------------------------------|
| 🔍 IF/ID:  Instruction = 00000000
| 🔍 ID/EX:  Instruction = 00000000 | ALU A = 00000000 | ALU B = 00000000 | ALU Ctrl = 0000
| 🔍 EX/MEM: Instruction = 00000000 | ALU Result = 00000000 | Mem Write = 0 | Mem Read = 0
| 🔍 MEM/WB: Instruction = 00000000 | ALU Result = 00000000 | Mem Data = 00000000 | Reg Write = 0
===============================================================================================

===============================================================================================
| Cycle 33 | PC = 0000008c |
|---------------------------------------------------------------------------------------------|
| IF  | 00000000 |
| ID  | 00000000 |
| EX  | 00000000 |
| MEM | 00000000 |
| WB  | 00000000 |
|---------------------------------------------------------------------------------------------|
| 🔍 IF/ID:  Instruction = 00000000
| 🔍 ID/EX:  Instruction = 00000000 | ALU A = 00000000 | ALU B = 00000000 | ALU Ctrl = 0000
| 🔍 EX/MEM: Instruction = 00000000 | ALU Result = 00000000 | Mem Write = 0 | Mem Read = 0
| 🔍 MEM/WB: Instruction = 00000000 | ALU Result = 00000000 | Mem Data = 00000000 | Reg Write = 0
===============================================================================================

===============================================================================================
| Cycle 34 | PC = 00000090 |
|---------------------------------------------------------------------------------------------|
| IF  | 00000000 |
| ID  | 00000000 |
| EX  | 00000000 |
| MEM | 00000000 |
| WB  | 00000000 |
|---------------------------------------------------------------------------------------------|
| 🔍 IF/ID:  Instruction = 00000000
| 🔍 ID/EX:  Instruction = 00000000 | ALU A = 00000000 | ALU B = 00000000 | ALU Ctrl = 0000
| 🔍 EX/MEM: Instruction = 00000000 | ALU Result = 00000000 | Mem Write = 0 | Mem Read = 0
| 🔍 MEM/WB: Instruction = 00000000 | ALU Result = 00000000 | Mem Data = 00000000 | Reg Write = 0
===============================================================================================

===============================================================================================
| Cycle 35 | PC = 00000094 |
|---------------------------------------------------------------------------------------------|
| IF  | 00000000 |
| ID  | 00000000 |
| EX  | 00000000 |
| MEM | 00000000 |
| WB  | 00000000 |
|---------------------------------------------------------------------------------------------|
| 🔍 IF/ID:  Instruction = 00000000
| 🔍 ID/EX:  Instruction = 00000000 | ALU A = 00000000 | ALU B = 00000000 | ALU Ctrl = 0000
| 🔍 EX/MEM: Instruction = 00000000 | ALU Result = 00000000 | Mem Write = 0 | Mem Read = 0
| 🔍 MEM/WB: Instruction = 00000000 | ALU Result = 00000000 | Mem Data = 00000000 | Reg Write = 0
===============================================================================================

===============================================================================================
| Cycle 36 | PC = 00000098 |
|---------------------------------------------------------------------------------------------|
| IF  | 00000000 |
| ID  | 00000000 |
| EX  | 00000000 |
| MEM | 00000000 |
| WB  | 00000000 |
|---------------------------------------------------------------------------------------------|
| 🔍 IF/ID:  Instruction = 00000000
| 🔍 ID/EX:  Instruction = 00000000 | ALU A = 00000000 | ALU B = 00000000 | ALU Ctrl = 0000
| 🔍 EX/MEM: Instruction = 00000000 | ALU Result = 00000000 | Mem Write = 0 | Mem Read = 0
| 🔍 MEM/WB: Instruction = 00000000 | ALU Result = 00000000 | Mem Data = 00000000 | Reg Write = 0
===============================================================================================

===============================================================================================
| Cycle 37 | PC = 0000009c |
|---------------------------------------------------------------------------------------------|
| IF  | 00000000 |
| ID  | 00000000 |
| EX  | 00000000 |
| MEM | 00000000 |
| WB  | 00000000 |
|---------------------------------------------------------------------------------------------|
| 🔍 IF/ID:  Instruction = 00000000
| 🔍 ID/EX:  Instruction = 00000000 | ALU A = 00000000 | ALU B = 00000000 | ALU Ctrl = 0000
| 🔍 EX/MEM: Instruction = 00000000 | ALU Result = 00000000 | Mem Write = 0 | Mem Read = 0
| 🔍 MEM/WB: Instruction = 00000000 | ALU Result = 00000000 | Mem Data = 00000000 | Reg Write = 0
===============================================================================================

===============================================================================================
| Cycle 38 | PC = 000000a0 |
|---------------------------------------------------------------------------------------------|
| IF  | 00000000 |
| ID  | 00000000 |
| EX  | 00000000 |
| MEM | 00000000 |
| WB  | 00000000 |
|---------------------------------------------------------------------------------------------|
| 🔍 IF/ID:  Instruction = 00000000
| 🔍 ID/EX:  Instruction = 00000000 | ALU A = 00000000 | ALU B = 00000000 | ALU Ctrl = 0000
| 🔍 EX/MEM: Instruction = 00000000 | ALU Result = 00000000 | Mem Write = 0 | Mem Read = 0
| 🔍 MEM/WB: Instruction = 00000000 | ALU Result = 00000000 | Mem Data = 00000000 | Reg Write = 0
===============================================================================================

===============================================================================================
| Cycle 39 | PC = 000000a4 |
|---------------------------------------------------------------------------------------------|
| IF  | 00000000 |
| ID  | 00000000 |
| EX  | 00000000 |
| MEM | 00000000 |
| WB  | 00000000 |
|---------------------------------------------------------------------------------------------|
| 🔍 IF/ID:  Instruction = 00000000
| 🔍 ID/EX:  Instruction = 00000000 | ALU A = 00000000 | ALU B = 00000000 | ALU Ctrl = 0000
| 🔍 EX/MEM: Instruction = 00000000 | ALU Result = 00000000 | Mem Write = 0 | Mem Read = 0
| 🔍 MEM/WB: Instruction = 00000000 | ALU Result = 00000000 | Mem Data = 00000000 | Reg Write = 0
===============================================================================================

===============================================================================================
| Cycle 40 | PC = 000000a8 |
|---------------------------------------------------------------------------------------------|
| IF  | 00000000 |
| ID  | 00000000 |
| EX  | 00000000 |
| MEM | 00000000 |
| WB  | 00000000 |
|---------------------------------------------------------------------------------------------|
| 🔍 IF/ID:  Instruction = 00000000
| 🔍 ID/EX:  Instruction = 00000000 | ALU A = 00000000 | ALU B = 00000000 | ALU Ctrl = 0000
| 🔍 EX/MEM: Instruction = 00000000 | ALU Result = 00000000 | Mem Write = 0 | Mem Read = 0
| 🔍 MEM/WB: Instruction = 00000000 | ALU Result = 00000000 | Mem Data = 00000000 | Reg Write = 0
===============================================================================================

===============================================================================================
| Cycle 41 | PC = 000000ac |
|---------------------------------------------------------------------------------------------|
| IF  | 00000000 |
| ID  | 00000000 |
| EX  | 00000000 |
| MEM | 00000000 |
| WB  | 00000000 |
|---------------------------------------------------------------------------------------------|
| 🔍 IF/ID:  Instruction = 00000000
| 🔍 ID/EX:  Instruction = 00000000 | ALU A = 00000000 | ALU B = 00000000 | ALU Ctrl = 0000
| 🔍 EX/MEM: Instruction = 00000000 | ALU Result = 00000000 | Mem Write = 0 | Mem Read = 0
| 🔍 MEM/WB: Instruction = 00000000 | ALU Result = 00000000 | Mem Data = 00000000 | Reg Write = 0
===============================================================================================

===============================================================================================
| Cycle 42 | PC = 000000b0 |
|---------------------------------------------------------------------------------------------|
| IF  | 00000000 |
| ID  | 00000000 |
| EX  | 00000000 |
| MEM | 00000000 |
| WB  | 00000000 |
|---------------------------------------------------------------------------------------------|
| 🔍 IF/ID:  Instruction = 00000000
| 🔍 ID/EX:  Instruction = 00000000 | ALU A = 00000000 | ALU B = 00000000 | ALU Ctrl = 0000
| 🔍 EX/MEM: Instruction = 00000000 | ALU Result = 00000000 | Mem Write = 0 | Mem Read = 0
| 🔍 MEM/WB: Instruction = 00000000 | ALU Result = 00000000 | Mem Data = 00000000 | Reg Write = 0
===============================================================================================

===============================================================================================
| Cycle 43 | PC = 000000b4 |
|---------------------------------------------------------------------------------------------|
| IF  | 00000000 |
| ID  | 00000000 |
| EX  | 00000000 |
| MEM | 00000000 |
| WB  | 00000000 |
|---------------------------------------------------------------------------------------------|
| 🔍 IF/ID:  Instruction = 00000000
| 🔍 ID/EX:  Instruction = 00000000 | ALU A = 00000000 | ALU B = 00000000 | ALU Ctrl = 0000
| 🔍 EX/MEM: Instruction = 00000000 | ALU Result = 00000000 | Mem Write = 0 | Mem Read = 0
| 🔍 MEM/WB: Instruction = 00000000 | ALU Result = 00000000 | Mem Data = 00000000 | Reg Write = 0
===============================================================================================

===============================================================================================
| Cycle 44 | PC = 000000b8 |
|---------------------------------------------------------------------------------------------|
| IF  | 00000000 |
| ID  | 00000000 |
| EX  | 00000000 |
| MEM | 00000000 |
| WB  | 00000000 |
|---------------------------------------------------------------------------------------------|
| 🔍 IF/ID:  Instruction = 00000000
| 🔍 ID/EX:  Instruction = 00000000 | ALU A = 00000000 | ALU B = 00000000 | ALU Ctrl = 0000
| 🔍 EX/MEM: Instruction = 00000000 | ALU Result = 00000000 | Mem Write = 0 | Mem Read = 0
| 🔍 MEM/WB: Instruction = 00000000 | ALU Result = 00000000 | Mem Data = 00000000 | Reg Write = 0
===============================================================================================

===============================================================================================
| Cycle 45 | PC = 000000bc |
|---------------------------------------------------------------------------------------------|
| IF  | 00000000 |
| ID  | 00000000 |
| EX  | 00000000 |
| MEM | 00000000 |
| WB  | 00000000 |
|---------------------------------------------------------------------------------------------|
| 🔍 IF/ID:  Instruction = 00000000
| 🔍 ID/EX:  Instruction = 00000000 | ALU A = 00000000 | ALU B = 00000000 | ALU Ctrl = 0000
| 🔍 EX/MEM: Instruction = 00000000 | ALU Result = 00000000 | Mem Write = 0 | Mem Read = 0
| 🔍 MEM/WB: Instruction = 00000000 | ALU Result = 00000000 | Mem Data = 00000000 | Reg Write = 0
===============================================================================================

===============================================================================================
| Cycle 46 | PC = 000000c0 |
|---------------------------------------------------------------------------------------------|
| IF  | 00000000 |
| ID  | 00000000 |
| EX  | 00000000 |
| MEM | 00000000 |
| WB  | 00000000 |
|---------------------------------------------------------------------------------------------|
| 🔍 IF/ID:  Instruction = 00000000
| 🔍 ID/EX:  Instruction = 00000000 | ALU A = 00000000 | ALU B = 00000000 | ALU Ctrl = 0000
| 🔍 EX/MEM: Instruction = 00000000 | ALU Result = 00000000 | Mem Write = 0 | Mem Read = 0
| 🔍 MEM/WB: Instruction = 00000000 | ALU Result = 00000000 | Mem Data = 00000000 | Reg Write = 0
===============================================================================================

===============================================================================================
| Cycle 47 | PC = 000000c4 |
|---------------------------------------------------------------------------------------------|
| IF  | 00000000 |
| ID  | 00000000 |
| EX  | 00000000 |
| MEM | 00000000 |
| WB  | 00000000 |
|---------------------------------------------------------------------------------------------|
| 🔍 IF/ID:  Instruction = 00000000
| 🔍 ID/EX:  Instruction = 00000000 | ALU A = 00000000 | ALU B = 00000000 | ALU Ctrl = 0000
| 🔍 EX/MEM: Instruction = 00000000 | ALU Result = 00000000 | Mem Write = 0 | Mem Read = 0
| 🔍 MEM/WB: Instruction = 00000000 | ALU Result = 00000000 | Mem Data = 00000000 | Reg Write = 0
===============================================================================================

===============================================================================================
| Cycle 48 | PC = 000000c8 |
|---------------------------------------------------------------------------------------------|
| IF  | 00000000 |
| ID  | 00000000 |
| EX  | 00000000 |
| MEM | 00000000 |
| WB  | 00000000 |
|---------------------------------------------------------------------------------------------|
| 🔍 IF/ID:  Instruction = 00000000
| 🔍 ID/EX:  Instruction = 00000000 | ALU A = 00000000 | ALU B = 00000000 | ALU Ctrl = 0000
| 🔍 EX/MEM: Instruction = 00000000 | ALU Result = 00000000 | Mem Write = 0 | Mem Read = 0
| 🔍 MEM/WB: Instruction = 00000000 | ALU Result = 00000000 | Mem Data = 00000000 | Reg Write = 0
===============================================================================================

===============================================================================================
| Cycle 49 | PC = 000000cc |
|---------------------------------------------------------------------------------------------|
| IF  | 00000000 |
| ID  | 00000000 |
| EX  | 00000000 |
| MEM | 00000000 |
| WB  | 00000000 |
|---------------------------------------------------------------------------------------------|
| 🔍 IF/ID:  Instruction = 00000000
| 🔍 ID/EX:  Instruction = 00000000 | ALU A = 00000000 | ALU B = 00000000 | ALU Ctrl = 0000
| 🔍 EX/MEM: Instruction = 00000000 | ALU Result = 00000000 | Mem Write = 0 | Mem Read = 0
| 🔍 MEM/WB: Instruction = 00000000 | ALU Result = 00000000 | Mem Data = 00000000 | Reg Write = 0
===============================================================================================


==========================================================================
✅ All tests PASSED! No errors detected.
==========================================================================

